Using pre-set license
Built from '2022.3/staging' branch; Version is '2022.3.46f1 (8e9b8558c41a) revision 9345925'; Using compiler version '192829333'; Build Type 'Release'
OS: 'Windows 11  (10.0.26100) 64bit CoreSingleLanguage' Language: 'en' Physical Memory: 15613 MB
BatchMode: 1, IsHumanControllingUs: 0, StartBugReporterOnCrash: 0, Is64bit: 1, IsPro: 1

COMMAND LINE ARGUMENTS:
D:\ProgrameFile\UnityFR\2022.3.46f1\Editor\Unity.exe
-adb2
-batchMode
-noUpm
-name
AssetImportWorker1
-projectPath
D:/KMUTT/Git/BattleCast/battlecast/BattleCast/battlecast/Demo
-logFile
Logs/AssetImportWorker1.log
-srvPort
54125
Successfully changed project path to: D:/KMUTT/Git/BattleCast/battlecast/BattleCast/battlecast/Demo
D:/KMUTT/Git/BattleCast/battlecast/BattleCast/battlecast/Demo
[UnityMemory] Configuration Parameters - Can be set up in boot.config
    "memorysetup-bucket-allocator-granularity=16"
    "memorysetup-bucket-allocator-bucket-count=8"
    "memorysetup-bucket-allocator-block-size=33554432"
    "memorysetup-bucket-allocator-block-count=8"
    "memorysetup-main-allocator-block-size=16777216"
    "memorysetup-thread-allocator-block-size=16777216"
    "memorysetup-gfx-main-allocator-block-size=16777216"
    "memorysetup-gfx-thread-allocator-block-size=16777216"
    "memorysetup-cache-allocator-block-size=4194304"
    "memorysetup-typetree-allocator-block-size=2097152"
    "memorysetup-profiler-bucket-allocator-granularity=16"
    "memorysetup-profiler-bucket-allocator-bucket-count=8"
    "memorysetup-profiler-bucket-allocator-block-size=33554432"
    "memorysetup-profiler-bucket-allocator-block-count=8"
    "memorysetup-profiler-allocator-block-size=16777216"
    "memorysetup-profiler-editor-allocator-block-size=1048576"
    "memorysetup-temp-allocator-size-main=16777216"
    "memorysetup-job-temp-allocator-block-size=2097152"
    "memorysetup-job-temp-allocator-block-size-background=1048576"
    "memorysetup-job-temp-allocator-reduction-small-platforms=262144"
    "memorysetup-allocator-temp-initial-block-size-main=262144"
    "memorysetup-allocator-temp-initial-block-size-worker=262144"
    "memorysetup-temp-allocator-size-background-worker=32768"
    "memorysetup-temp-allocator-size-job-worker=262144"
    "memorysetup-temp-allocator-size-preload-manager=33554432"
    "memorysetup-temp-allocator-size-nav-mesh-worker=65536"
    "memorysetup-temp-allocator-size-audio-worker=65536"
    "memorysetup-temp-allocator-size-cloud-worker=32768"
    "memorysetup-temp-allocator-size-gi-baking-worker=262144"
    "memorysetup-temp-allocator-size-gfx=262144"
Player connection [8856]  Target information:

Player connection [8856]  * "[IP] 10.5.53.23 [Port] 0 [Flags] 2 [Guid] 3328077641 [EditorId] 3328077641 [Version] 1048832 [Id] WindowsEditor(7,Enezor) [Debug] 1 [PackageName] WindowsEditor [ProjectName] Editor" 

Player connection [8856] Host joined multi-casting on [225.0.0.222:54997]...
Player connection [8856] Host joined alternative multi-casting on [225.0.0.222:34997]...
[PhysX] Initialized MultithreadedTaskDispatcher with 16 workers.
Refreshing native plugins compatible for Editor in 5.97 ms, found 2 plugins.
Preloading 0 native plugins for Editor in 0.00 ms.
Initialize engine version: 2022.3.46f1 (8e9b8558c41a)
[Subsystems] Discovering subsystems at path D:/ProgrameFile/UnityFR/2022.3.46f1/Editor/Data/Resources/UnitySubsystems
[Subsystems] Discovering subsystems at path D:/KMUTT/Git/BattleCast/battlecast/BattleCast/battlecast/Demo/Assets
GfxDevice: creating device client; threaded=0; jobified=0
Direct3D:
    Version:  Direct3D 11.0 [level 11.1]
    Renderer: NVIDIA GeForce RTX 3060 Laptop GPU (ID=0x2520)
    Vendor:   NVIDIA
    VRAM:     5996 MB
    Driver:   32.0.15.6636
Initialize mono
Mono path[0] = 'D:/ProgrameFile/UnityFR/2022.3.46f1/Editor/Data/Managed'
Mono path[1] = 'D:/ProgrameFile/UnityFR/2022.3.46f1/Editor/Data/MonoBleedingEdge/lib/mono/unityjit-win32'
Mono config path = 'D:/ProgrameFile/UnityFR/2022.3.46f1/Editor/Data/MonoBleedingEdge/etc'
Using monoOptions --debugger-agent=transport=dt_socket,embedding=1,server=y,suspend=n,address=127.0.0.1:56496
Begin MonoManager ReloadAssembly
Registering precompiled unity dll's ...
Register platform support module: D:/ProgrameFile/UnityFR/2022.3.46f1/Editor/Data/PlaybackEngines/iOSSupport/UnityEditor.iOS.Extensions.dll
Register platform support module: D:/ProgrameFile/UnityFR/2022.3.46f1/Editor/Data/PlaybackEngines/WindowsStandaloneSupport/UnityEditor.WindowsStandalone.Extensions.dll
Registered in 0.007123 seconds.
- Loaded All Assemblies, in  0.339 seconds
Native extension for WindowsStandalone target not found
[usbmuxd] Start listen thread
[usbmuxd] Listen thread started
Native extension for iOS target not found
Mono: successfully reloaded assembly
- Finished resetting the current domain, in  0.261 seconds
Domain Reload Profiling: 600ms
	BeginReloadAssembly (107ms)
		ExecutionOrderSort (0ms)
		DisableScriptedObjects (0ms)
		BackupInstance (0ms)
		ReleaseScriptingObjects (0ms)
		CreateAndSetChildDomain (1ms)
	RebuildCommonClasses (33ms)
	RebuildNativeTypeToScriptingClass (9ms)
	initialDomainReloadingComplete (52ms)
	LoadAllAssembliesAndSetupDomain (136ms)
		LoadAssemblies (108ms)
		RebuildTransferFunctionScriptingTraits (0ms)
		AnalyzeDomain (133ms)
			TypeCache.Refresh (132ms)
				TypeCache.ScanAssembly (120ms)
			ScanForSourceGeneratedMonoScriptInfo (0ms)
			ResolveRequiredComponents (0ms)
	FinalizeReload (261ms)
		ReleaseScriptCaches (0ms)
		RebuildScriptCaches (0ms)
		SetupLoadedEditorAssemblies (215ms)
			LogAssemblyErrors (0ms)
			InitializePlatformSupportModulesInManaged (24ms)
			SetLoadedEditorAssemblies (6ms)
			RefreshPlugins (0ms)
			BeforeProcessingInitializeOnLoad (2ms)
			ProcessInitializeOnLoadAttributes (137ms)
			ProcessInitializeOnLoadMethodAttributes (45ms)
			AfterProcessingInitializeOnLoad (0ms)
			EditorAssembliesLoaded (0ms)
		ExecutionOrderSort2 (0ms)
		AwakeInstancesAfterBackupRestoration (0ms)
========================================================================
Worker process is ready to serve import requests
Caller must complete domain reload
Begin MonoManager ReloadAssembly
- Loaded All Assemblies, in  0.477 seconds
Native extension for WindowsStandalone target not found
Native extension for iOS target not found
Package Manager log level set to [2]
[Package Manager] Server::EnsureServerProcessIsRunning -- launch failed, reason: Unity was launched with the -noUpm command-line argument
[Package Manager] UpmClient::Send -- Unable to send message (not connected to UPM process).
[Package Manager] Cannot connect to Unity Package Manager local server
Mono: successfully reloaded assembly
- Finished resetting the current domain, in  0.551 seconds
Domain Reload Profiling: 1028ms
	BeginReloadAssembly (154ms)
		ExecutionOrderSort (0ms)
		DisableScriptedObjects (6ms)
		BackupInstance (0ms)
		ReleaseScriptingObjects (0ms)
		CreateAndSetChildDomain (24ms)
	RebuildCommonClasses (32ms)
	RebuildNativeTypeToScriptingClass (9ms)
	initialDomainReloadingComplete (34ms)
	LoadAllAssembliesAndSetupDomain (247ms)
		LoadAssemblies (242ms)
		RebuildTransferFunctionScriptingTraits (0ms)
		AnalyzeDomain (97ms)
			TypeCache.Refresh (84ms)
				TypeCache.ScanAssembly (72ms)
			ScanForSourceGeneratedMonoScriptInfo (9ms)
			ResolveRequiredComponents (4ms)
	FinalizeReload (551ms)
		ReleaseScriptCaches (0ms)
		RebuildScriptCaches (0ms)
		SetupLoadedEditorAssemblies (418ms)
			LogAssemblyErrors (0ms)
			InitializePlatformSupportModulesInManaged (19ms)
			SetLoadedEditorAssemblies (3ms)
			RefreshPlugins (0ms)
			BeforeProcessingInitializeOnLoad (51ms)
			ProcessInitializeOnLoadAttributes (320ms)
			ProcessInitializeOnLoadMethodAttributes (22ms)
			AfterProcessingInitializeOnLoad (2ms)
			EditorAssembliesLoaded (0ms)
		ExecutionOrderSort2 (0ms)
		AwakeInstancesAfterBackupRestoration (6ms)
Launched and connected shader compiler UnityShaderCompiler.exe after 0.04 seconds
Refreshing native plugins compatible for Editor in 3.74 ms, found 2 plugins.
Preloading 0 native plugins for Editor in 0.00 ms.
Unloading 1688 Unused Serialized files (Serialized files now loaded: 0)
Unloading 15 unused Assets / (53.1 KB). Loaded Objects now: 2178.
Memory consumption went from 97.1 MB to 97.1 MB.
Total: 6.166500 ms (FindLiveObjects: 0.460700 ms CreateObjectMapping: 0.422200 ms MarkObjects: 5.114000 ms  DeleteObjects: 0.167900 ms)

AssetImportParameters requested are different than current active one (requested -> active):
  custom:video-decoder-webm-vp8: 9c59270c3fd7afecdb556c50c9e8de78 -> 
  custom:SearchIndexIgnoredProperties: e643bd26f0fe6173181afceb89e7c659 -> 
  custom:container-demuxer-ogg: 62fdf1f143b41e24485cea50d1cbac27 -> 
  custom:AudioImporter_EditorPlatform: d09bf68614088b80899f8185d706f6e7 -> 
  custom:video-codec-MediaFoundation-h265: 746d11721c4dcdbdad8f713fa42b33f4 -> 
  custom:video-decoder-ogg-theora: a1e56fd34408186e4bbccfd4996cb3dc -> 
  custom:framework-win-MediaFoundation: 216162199b28c13a410421893ffa2e32 -> 
  custom:video-encoder-webm-vp8: eb34c28f22e8b96e1ab97ce403110664 -> 
  custom:audio-decoder-ogg-vorbis: bf7c407c2cedff20999df2af8eb42d56 -> 
  custom:CustomObjectIndexerAttribute: 9a22284fe3817be447336de3de66b15e -> 
  custom:container-demuxer-webm: 4f35f7cbe854078d1ac9338744f61a02 -> 
  custom:audio-encoder-webm-vorbis: bf7c407c2cedff20999df2af8eb42d56 -> 
  custom:container-muxer-webm: aa71ff27fc2769a1b78a27578f13a17b -> 
========================================================================
Received Import Request.
  Time since last request: 184160.402606 seconds.
  path: Assets/SteamVR/Scripts/SteamVR_IK.cs
  artifactKey: Guid(ea22dba3baf2ecc4d886bf2444444228) Importer(815301076,1909f56bfc062723c751e8b465ee728b)
Start importing Assets/SteamVR/Scripts/SteamVR_IK.cs using Guid(ea22dba3baf2ecc4d886bf2444444228) Importer(815301076,1909f56bfc062723c751e8b465ee728b) [PhysX] Initialized MultithreadedTaskDispatcher with 16 workers.
 -> (artifact id: '00f25db5e643b56b18500b180499c7e2') in 0.005180 seconds
Number of updated asset objects reloaded before import = 0
Number of asset objects unloaded after import = 0
========================================================================
Received Prepare
Caller must complete domain reload
Begin MonoManager ReloadAssembly
- Loaded All Assemblies, in  0.762 seconds
Native extension for WindowsStandalone target not found
Native extension for iOS target not found
[Package Manager] Server::EnsureServerProcessIsRunning -- launch failed, reason: Unity was launched with the -noUpm command-line argument
[Package Manager] UpmClient::Send -- Unable to send message (not connected to UPM process).
[Package Manager] Cannot connect to Unity Package Manager local server
Mono: successfully reloaded assembly
- Finished resetting the current domain, in  1.212 seconds
Domain Reload Profiling: 1974ms
	BeginReloadAssembly (466ms)
		ExecutionOrderSort (0ms)
		DisableScriptedObjects (5ms)
		BackupInstance (0ms)
		ReleaseScriptingObjects (0ms)
		CreateAndSetChildDomain (36ms)
	RebuildCommonClasses (33ms)
	RebuildNativeTypeToScriptingClass (10ms)
	initialDomainReloadingComplete (26ms)
	LoadAllAssembliesAndSetupDomain (226ms)
		LoadAssemblies (300ms)
		RebuildTransferFunctionScriptingTraits (0ms)
		AnalyzeDomain (34ms)
			TypeCache.Refresh (17ms)
				TypeCache.ScanAssembly (9ms)
			ScanForSourceGeneratedMonoScriptInfo (10ms)
			ResolveRequiredComponents (6ms)
	FinalizeReload (1212ms)
		ReleaseScriptCaches (0ms)
		RebuildScriptCaches (0ms)
		SetupLoadedEditorAssemblies (583ms)
			LogAssemblyErrors (0ms)
			InitializePlatformSupportModulesInManaged (31ms)
			SetLoadedEditorAssemblies (7ms)
			RefreshPlugins (0ms)
			BeforeProcessingInitializeOnLoad (74ms)
			ProcessInitializeOnLoadAttributes (446ms)
			ProcessInitializeOnLoadMethodAttributes (22ms)
			AfterProcessingInitializeOnLoad (3ms)
			EditorAssembliesLoaded (0ms)
		ExecutionOrderSort2 (0ms)
		AwakeInstancesAfterBackupRestoration (7ms)
Refreshing native plugins compatible for Editor in 2.95 ms, found 2 plugins.
Preloading 0 native plugins for Editor in 0.00 ms.
Unloading 1658 Unused Serialized files (Serialized files now loaded: 0)
Unloading 10 unused Assets / (26.5 KB). Loaded Objects now: 2181.
Memory consumption went from 91.0 MB to 90.9 MB.
Total: 27.151300 ms (FindLiveObjects: 0.197100 ms CreateObjectMapping: 0.127000 ms MarkObjects: 26.612500 ms  DeleteObjects: 0.212700 ms)

Prepare: number of updated asset objects reloaded= 0
AssetImportParameters requested are different than current active one (requested -> active):
  custom:scripting/monoscript/fileName/SteamVR_SkyboxEditor.cs: 6657ab41a34f28714fd3df835915811c -> 
  custom:video-decoder-webm-vp8: 9c59270c3fd7afecdb556c50c9e8de78 -> 
  custom:scripting/monoscript/fileName/Dan1.cs: dc34d7b16d8a1ae2022dd4fe45361dc2 -> 
  custom:scripting/monoscript/fileName/SteamVR_Update.cs: d66283ca9f37719e876588dca71b371d -> 
  custom:scripting/monoscript/fileName/noGra.cs: 12341f31bedf998c394201cdbb572353 -> 
  custom:scripting/monoscript/fileName/chnextscene.cs: d3aa46b78db1d99ddb625b88273322e8 -> 
  custom:scripting/monoscript/fileName/enemyhealth.cs: 13f597c9d626e239d1694043eff5c792 -> 
  custom:scripting/monoscript/fileName/SteamVR_AutoEnableVR_2019plus.cs: 5d0148ae8564a88d1f75d3ba6ba15713 -> 
  custom:SearchIndexIgnoredProperties: e643bd26f0fe6173181afceb89e7c659 -> 
  custom:container-demuxer-ogg: 62fdf1f143b41e24485cea50d1cbac27 -> 
  custom:AudioImporter_EditorPlatform: d09bf68614088b80899f8185d706f6e7 -> 
  custom:scripting/monoscript/fileName/LockandTP.cs: af4972721fa3da5340d891579bdedbd8 -> 
  custom:scripting/monoscript/fileName/lockA.cs: 13438ea785ed8fed471470efd1cb5265 -> 
  custom:scripting/monoscript/fileName/Turn2.cs: 1cafc8e13df9391a9cf2c5902c8abd74 -> 
  custom:scripting/monoscript/fileName/stat.cs: 808726bf8e20f80c01d9532f6cb64676 -> 
  custom:scripting/monoscript/fileName/Turn3.cs: 04515d0bd9fef5bbb8a4815a615537c6 -> 
  custom:scripting/monoscript/fileName/Chon.cs: d46ae57d948b2331866072ffd50290a4 -> 
  custom:scripting/monoscript/fileName/EnemyAtk.cs: 6da540a8f2375a0be4a0888760924572 -> 
  custom:video-codec-MediaFoundation-h265: 746d11721c4dcdbdad8f713fa42b33f4 -> 
  custom:scripting/monoscript/fileName/back2menu.cs: 8eb84f2355abdf050e9ecea2ef1083e7 -> 
  custom:scripting/monoscript/fileName/ATKtrack.cs: 0b87a66d64a4b235b2dad65f9980d9fb -> 
  custom:scripting/monoscript/fileName/AllSkyFree_Menu.cs: d9f9a51507712b65af190e3892febf40 -> 
  custom:video-decoder-ogg-theora: a1e56fd34408186e4bbccfd4996cb3dc -> 
  custom:scripting/monoscript/fileName/Myhealth.cs: a9788f6ee22b4fbbca40f3bb7552230b -> 
  custom:scripting/monoscript/fileName/recurTRY.cs: 9693e2472066c9c7fe98aa33615b8c21 -> 
  custom:scripting/monoscript/fileName/nextDAN.cs: c5041a49a46a9f64a3e781c322965e53 -> 
  custom:framework-win-MediaFoundation: 216162199b28c13a410421893ffa2e32 -> 
  custom:scripting/monoscript/fileName/feaw.cs: c9d62b36dee5ed9810afe184f46a82f0 -> 
  custom:scripting/monoscript/fileName/turn01.cs: ef126640f9a42c4387e8f2036131129c -> 
  custom:scripting/monoscript/fileName/Des.cs: 3ce99a650e4af21c47c148267846ea97 -> 
  custom:scripting/monoscript/fileName/Chon1.cs: 14f6a1a63fe54ded05ac7c5d234aff2e -> 
  custom:video-encoder-webm-vp8: eb34c28f22e8b96e1ab97ce403110664 -> 
  custom:scripting/monoscript/fileName/Turn1.cs: a73fc21b009a2f614b30dfd066ceccae -> 
  custom:scripting/monoscript/fileName/lockATK.cs: 9095e0e007224c490dc16ad83e681dcc -> 
  custom:scripting/monoscript/fileName/SteamVR_RenderModelEditor.cs: 569a4554577213ac75484aa3d76727b5 -> 
  custom:audio-decoder-ogg-vorbis: bf7c407c2cedff20999df2af8eb42d56 -> 
  custom:scripting/monoscript/fileName/ATKarrow.cs: 18f5c5e6975c78dce473b4486ab2564e -> 
  custom:scripting/monoscript/fileName/HealthIndicater.cs: 72551df32bfb95d49353bf81aace46cd -> 
  custom:CustomObjectIndexerAttribute: 9a22284fe3817be447336de3de66b15e -> 
  custom:scripting/monoscript/fileName/lockbeai.cs: c110aaed4e2fe29327a032773eed71c3 -> 
  custom:scripting/monoscript/fileName/turn02.cs: cd6de636c58dfa19b7480996f17af58d -> 
  custom:container-demuxer-webm: 4f35f7cbe854078d1ac9338744f61a02 -> 
  custom:scripting/monoscript/fileName/removemehealth.cs: de338d46f5cee106932c87f350304993 -> 
  custom:scripting/monoscript/fileName/Turn03.cs: 0cbd4cdddb554dd528dc4ce8d11022b5 -> 
  custom:audio-encoder-webm-vorbis: bf7c407c2cedff20999df2af8eb42d56 -> 
  custom:scripting/monoscript/fileName/AtkTrackme.cs: 9546b6ff3b55b076494b86b0777f20c4 -> 
  custom:scripting/monoscript/fileName/Exitdagame.cs: 03a9309563a845e1109cdfb4dfb35df4 -> 
  custom:scripting/monoscript/fileName/SteamVR_Editor.cs: 1c77ce85f77f3b194e6fb2b0979b01a7 -> 
  custom:scripting/monoscript/fileName/SteamVR_UpdateModeEditor.cs: de9a566ee14831433e28ca2ee083fdba -> 
  custom:scripting/monoscript/fileName/BeaiSpawner.cs: 7c99c9b634b9f6a43bdbfb8e6616131e -> 
  custom:scripting/precompiled-assembly-types:Assembly-CSharp: efdd8f66adf4834dd29c9f6e2ee35918 -> 
  custom:scripting/monoscript/fileName/value.cs: 3cd2e3f653768e5f38124e48a80bbed2 -> 
  custom:scripting/monoscript/fileName/SteamVR_UnitySettingsWindow.cs: 8d22e173905077167ac63b93c5ac8934 -> 
  custom:container-muxer-webm: aa71ff27fc2769a1b78a27578f13a17b -> 
  custom:scripting/precompiled-assembly-types:SteamVR: 94dfe6b36694feb94930b836b4ce6d10 -> c483561cb7f1d0b317bf77e9415993e5
  custom:scripting/monoscript/fileName/firebreath.cs: e17c2c7abbcc348140e269d7ccf4cd79 -> 
========================================================================
Received Prepare
Caller must complete domain reload
Begin MonoManager ReloadAssembly
- Loaded All Assemblies, in  0.642 seconds
Native extension for WindowsStandalone target not found
Native extension for iOS target not found
[Package Manager] Server::EnsureServerProcessIsRunning -- launch failed, reason: Unity was launched with the -noUpm command-line argument
[Package Manager] UpmClient::Send -- Unable to send message (not connected to UPM process).
[Package Manager] Cannot connect to Unity Package Manager local server
[Package Manager] Server::EnsureServerProcessIsRunning -- launch failed, reason: Unity was launched with the -noUpm command-line argument
[Package Manager] UpmClient::Send -- Unable to send message (not connected to UPM process).
[Package Manager] Cannot connect to Unity Package Manager local server
Mono: successfully reloaded assembly
[Package Manager] Server::EnsureServerProcessIsRunning -- launch failed, reason: Unity was launched with the -noUpm command-line argument
[Package Manager] UpmClient::Send -- Unable to send message (not connected to UPM process).
[Package Manager] Cannot connect to Unity Package Manager local server
[Package Manager] Server::EnsureServerProcessIsRunning -- launch failed, reason: Unity was launched with the -noUpm command-line argument
[Package Manager] UpmClient::Send -- Unable to send message (not connected to UPM process).
[Package Manager] Cannot connect to Unity Package Manager local server
- Finished resetting the current domain, in  0.859 seconds
Domain Reload Profiling: 1501ms
	BeginReloadAssembly (350ms)
		ExecutionOrderSort (0ms)
		DisableScriptedObjects (6ms)
		BackupInstance (0ms)
		ReleaseScriptingObjects (0ms)
		CreateAndSetChildDomain (36ms)
	RebuildCommonClasses (41ms)
	RebuildNativeTypeToScriptingClass (11ms)
	initialDomainReloadingComplete (26ms)
	LoadAllAssembliesAndSetupDomain (213ms)
		LoadAssemblies (284ms)
		RebuildTransferFunctionScriptingTraits (0ms)
		AnalyzeDomain (33ms)
			TypeCache.Refresh (18ms)
				TypeCache.ScanAssembly (10ms)
			ScanForSourceGeneratedMonoScriptInfo (9ms)
			ResolveRequiredComponents (4ms)
	FinalizeReload (860ms)
		ReleaseScriptCaches (0ms)
		RebuildScriptCaches (0ms)
		SetupLoadedEditorAssemblies (497ms)
			LogAssemblyErrors (0ms)
			InitializePlatformSupportModulesInManaged (22ms)
			SetLoadedEditorAssemblies (4ms)
			RefreshPlugins (0ms)
			BeforeProcessingInitializeOnLoad (81ms)
			ProcessInitializeOnLoadAttributes (368ms)
			ProcessInitializeOnLoadMethodAttributes (19ms)
			AfterProcessingInitializeOnLoad (3ms)
			EditorAssembliesLoaded (0ms)
		ExecutionOrderSort2 (0ms)
		AwakeInstancesAfterBackupRestoration (6ms)
Refreshing native plugins compatible for Editor in 4.95 ms, found 5 plugins.
Preloading 0 native plugins for Editor in 0.00 ms.
Unloading 1751 Unused Serialized files (Serialized files now loaded: 0)
Unloading 10 unused Assets / (26.5 KB). Loaded Objects now: 2278.
Memory consumption went from 93.2 MB to 93.2 MB.
Total: 2.807700 ms (FindLiveObjects: 0.158500 ms CreateObjectMapping: 0.086600 ms MarkObjects: 2.524400 ms  DeleteObjects: 0.037200 ms)

Prepare: number of updated asset objects reloaded= 0
AssetImportParameters requested are different than current active one (requested -> active):
  custom:scripting/monoscript/fileName/SteamVR_SkyboxEditor.cs: 18c9cdabba25ec9f8c34e59eb23c1bf0 -> 
  custom:video-decoder-webm-vp8: 9c59270c3fd7afecdb556c50c9e8de78 -> 
  custom:scripting/monoscript/fileName/Dan1.cs: dc34d7b16d8a1ae2022dd4fe45361dc2 -> 
  custom:scripting/monoscript/fileName/ArmModelEditor.cs: 002f07458c7aefa2a394e7243ccd9325 -> 
  custom:scripting/monoscript/fileName/SteamVR_Update.cs: c0c713922e0bc365db2133365876d108 -> 
  custom:scripting/monoscript/fileName/noGra.cs: 12341f31bedf998c394201cdbb572353 -> 
  custom:scripting/monoscript/fileName/chnextscene.cs: d3aa46b78db1d99ddb625b88273322e8 -> 
  custom:scripting/monoscript/fileName/enemyhealth.cs: 13f597c9d626e239d1694043eff5c792 -> 
  custom:scripting/monoscript/fileName/SteamVR_AutoEnableVR_2019plus.cs: b88e5fca5c000f1f6cc82c9a8f20b9da -> 
  custom:SearchIndexIgnoredProperties: e643bd26f0fe6173181afceb89e7c659 -> 
  custom:scripting/monoscript/fileName/TransitionArmModel.cs: 541081f84a463fbdbaf51de62d6c8587 -> 
  custom:container-demuxer-ogg: 62fdf1f143b41e24485cea50d1cbac27 -> 
  custom:scripting/monoscript/fileName/XRGeneralSettingsUpgrade.cs: cc8d2e81204b3fd0e662cd38ef4a2d49 -> 
  custom:AudioImporter_EditorPlatform: d09bf68614088b80899f8185d706f6e7 -> 
  custom:scripting/monoscript/fileName/LockandTP.cs: af4972721fa3da5340d891579bdedbd8 -> 
  custom:scripting/monoscript/fileName/OpenVRLoaderMetadata.cs: 78bd717ffc012b44a621cd91e5ec1d6e -> 
  custom:scripting/monoscript/fileName/lockA.cs: 13438ea785ed8fed471470efd1cb5265 -> 
  custom:scripting/monoscript/fileName/Turn2.cs: 1cafc8e13df9391a9cf2c5902c8abd74 -> 
  custom:scripting/monoscript/fileName/TrackedPoseDriverEditor.cs: 0b511e14ae4c20f3b8d8e2c82796f595 -> 
  custom:scripting/monoscript/fileName/stat.cs: 808726bf8e20f80c01d9532f6cb64676 -> 
  custom:scripting/precompiled-assembly-types:Unity.XR.OpenVR.Editor: 476ebeeceb25d404093fea66f67b723c -> 
  custom:scripting/monoscript/fileName/Turn3.cs: 04515d0bd9fef5bbb8a4815a615537c6 -> 
  custom:scripting/monoscript/fileName/Chon.cs: d46ae57d948b2331866072ffd50290a4 -> 
  custom:scripting/monoscript/fileName/EnemyAtk.cs: 6da540a8f2375a0be4a0888760924572 -> 
  custom:scripting/monoscript/fileName/XRCustomLoaderUI.cs: a1b6225426bb5004db8b9d7388fe5771 -> 
  custom:video-codec-MediaFoundation-h265: 746d11721c4dcdbdad8f713fa42b33f4 -> 
  custom:scripting/monoscript/fileName/TrackedPoseDriver.cs: 7c652bf9e4ac4ec3dd58bf53ae85a810 -> 
  custom:scripting/precompiled-assembly-types:Unity.XR.Management.Editor: fe28088511f2b9a408ee32089af33792 -> 
  custom:scripting/monoscript/fileName/back2menu.cs: 8eb84f2355abdf050e9ecea2ef1083e7 -> 
  custom:scripting/monoscript/fileName/XRLoaderHelper.cs: ae85c4c4a11fcc1ed3393963333e400c -> 
  custom:scripting/monoscript/fileName/ATKtrack.cs: 0b87a66d64a4b235b2dad65f9980d9fb -> 
  custom:scripting/monoscript/fileName/AllSkyFree_Menu.cs: d9f9a51507712b65af190e3892febf40 -> 
  custom:scripting/monoscript/fileName/XRLoader.cs: d82cec0b87bab7dffe74fb3651887ce3 -> 
  custom:video-decoder-ogg-theora: a1e56fd34408186e4bbccfd4996cb3dc -> 
  custom:scripting/monoscript/fileName/XRGeneralSettingsPerBuildTarget.cs: 6970e5bff368910038049eb1434facbf -> 
  custom:scripting/monoscript/fileName/XRSupportedBuildTargetAttribute.cs: f87a91ba911f6030453bea8d921b45d2 -> 
  custom:scripting/monoscript/fileName/Myhealth.cs: a9788f6ee22b4fbbca40f3bb7552230b -> 
  custom:scripting/monoscript/fileName/AndroidManifestProcessor.cs: d8dd4961c18e43fcd707eb950405363a -> 
  custom:scripting/precompiled-assembly-types:SteamVR_Editor: b0cd8ae5c458a39ade64b8fadbbfbff6 -> 
  custom:scripting/precompiled-assembly-types:UnityEngine.SpatialTracking: fe8bd671b41f1462276b731bbb32d826 -> 
  custom:scripting/monoscript/fileName/recurTRY.cs: 9693e2472066c9c7fe98aa33615b8c21 -> 
  custom:scripting/monoscript/fileName/nextDAN.cs: c5041a49a46a9f64a3e781c322965e53 -> 
  custom:scripting/monoscript/fileName/XRLoaderInfo.cs: 86fa513bfc04d58509db292069910bf2 -> 
  custom:framework-win-MediaFoundation: 216162199b28c13a410421893ffa2e32 -> 
  custom:scripting/monoscript/fileName/SeedXRInputBindings.cs: 5b6b70752ca7062d0525af0428bab981 -> 
  custom:scripting/precompiled-assembly-types:UnityEditor.SpatialTracking: dd1905b8a8246178a3248fba44980e0b -> 
  custom:scripting/monoscript/fileName/BuildHelpers.cs: 52ee9552b5cbbfe4eb60d480e36ffff5 -> 
  custom:scripting/precompiled-assembly-types:Unity.XR.OpenVR: a43ce72e00763ff3705701ffd52d29b9 -> 
  custom:scripting/monoscript/fileName/XRSettingsManager.cs: 701988ef3c16e84d3bc781477493ab34 -> 
  custom:scripting/monoscript/fileName/feaw.cs: c9d62b36dee5ed9810afe184f46a82f0 -> 
  custom:scripting/monoscript/fileName/turn01.cs: ef126640f9a42c4387e8f2036131129c -> 
  custom:scripting/monoscript/fileName/IXRLoaderPreInit.cs: 4dbca4fbe4a89e2a18943694f414e3a9 -> 
  custom:scripting/monoscript/fileName/OpenVRBuildProcessor.cs: 8de2bfa56eebe73b7b663c41752f4848 -> 
  custom:scripting/monoscript/fileName/XRLoaderOrderUI.cs: 7bb0491ac9109774b097f2da80cd0c03 -> 
  custom:scripting/monoscript/fileName/AndroidManifestBuildEventReceiver.cs: 641c0bff5eb90d0569a809ea302132ee -> 
  custom:scripting/monoscript/fileName/Des.cs: 3ce99a650e4af21c47c148267846ea97 -> 
  custom:scripting/monoscript/fileName/MenuUtils.cs: ef61e56f05605c149332b0b451f694ed -> 
  custom:scripting/monoscript/fileName/Chon1.cs: 14f6a1a63fe54ded05ac7c5d234aff2e -> 
  custom:scripting/monoscript/fileName/OpenVRSettingsCopier.cs: 085a6bb3f7048c30690c20f655297c11 -> 
  custom:video-encoder-webm-vp8: eb34c28f22e8b96e1ab97ce403110664 -> 
  custom:scripting/monoscript/fileName/Turn1.cs: a73fc21b009a2f614b30dfd066ceccae -> 
  custom:scripting/monoscript/fileName/XRGeneralBuildProcessor.cs: d52e14652f14fd6e56a66a859653fea9 -> 
  custom:scripting/monoscript/fileName/lockATK.cs: 9095e0e007224c490dc16ad83e681dcc -> 
  custom:scripting/monoscript/fileName/XRGeneralSettings.cs: 01e68fef49e5cbf622bb7b4ffc622d89 -> 
  custom:scripting/monoscript/fileName/SteamVR_RenderModelEditor.cs: acf9dd329a686d70034e89517471875c -> 
  custom:scripting/monoscript/fileName/XRManagerEditor.cs: 6847a9ea85cd2d801d895b625e9590ff -> 
  custom:audio-decoder-ogg-vorbis: bf7c407c2cedff20999df2af8eb42d56 -> 
  custom:scripting/monoscript/fileName/ATKarrow.cs: 18f5c5e6975c78dce473b4486ab2564e -> 
  custom:scripting/monoscript/fileName/HealthIndicater.cs: 72551df32bfb95d49353bf81aace46cd -> 
  custom:scripting/monoscript/fileName/XRBuildProcessorHelper.cs: 90647cc400823b41df847a6cbfc29026 -> 
  custom:scripting/monoscript/fileName/IAndroidManifestRequirementProvider.cs: 42bf6f4b06629c812bd73f8ff461fec4 -> 
  custom:scripting/monoscript/fileName/TypeLoaderExtensions.cs: ee5d3b5e5d81c98c5d3594e8b9153df0 -> 
  custom:scripting/precompiled-assembly-types:UnityEngine.XR.LegacyInputHelpers: da96c0e3ee4a99cfbe3f49c08ef62202 -> 
  custom:CustomObjectIndexerAttribute: 9a22284fe3817be447336de3de66b15e -> 
  custom:scripting/monoscript/fileName/XRConfigurationProvider.cs: fa91ddd62be7b4c45bfd03890af30249 -> 
  custom:scripting/monoscript/fileName/EditorUtilities.cs: 219d482e32bf0c01357e773617418955 -> 
  custom:scripting/monoscript/fileName/XRPackageInitialization.cs: 1f095dd277a284b59543541a608de1da -> 
  custom:scripting/monoscript/fileName/ManifestElement.cs: c30b57498d373b7476c4d7dfdaee189c -> 
  custom:scripting/monoscript/fileName/KnownPackages.cs: 5131bbb130bb4652742f626552744ac4 -> 
  custom:scripting/monoscript/fileName/XREditorWorkQueue.cs: 8e928039a032f154dc8a86537aaac69a -> 
  custom:scripting/monoscript/fileName/lockbeai.cs: c110aaed4e2fe29327a032773eed71c3 -> 
  custom:scripting/precompiled-assembly-types:Unity.XR.Management: d2c73419a402f326215288c4e1611bce -> 
  custom:scripting/monoscript/fileName/SwingArmModel.cs: b785e28c94fc60fc17e1daa28892b2dc -> 
  custom:scripting/monoscript/fileName/turn02.cs: cd6de636c58dfa19b7480996f17af58d -> 
  custom:scripting/monoscript/fileName/ManifestRequirement.cs: d0237042ed94ccc3267a409cde8490a6 -> 
  custom:scripting/monoscript/fileName/ArmModel.cs: 453296f093348abde426c4384ad89b48 -> 
  custom:scripting/monoscript/fileName/OpenVRHelpers.cs: 6d9bda50f1d04121c1c9f99735530e6b -> 
  custom:container-demuxer-webm: 4f35f7cbe854078d1ac9338744f61a02 -> 
  custom:scripting/monoscript/fileName/XRConstants.cs: 1558884a4b0ea94b4910dd640a0e6741 -> 
  custom:scripting/monoscript/fileName/SwingArmModelEditor.cs: b9619a265ade6da0cba147c75ce515a7 -> 
  custom:scripting/monoscript/fileName/PackageNotificationUtils.cs: e493f521fc1755dec19875ae28a4f621 -> 
  custom:scripting/monoscript/fileName/removemehealth.cs: de338d46f5cee106932c87f350304993 -> 
  custom:scripting/monoscript/fileName/Turn03.cs: 0cbd4cdddb554dd528dc4ce8d11022b5 -> 
  custom:scripting/monoscript/fileName/XRManagementAnalytics.cs: 546181baf4c03dbbd57015a6731508f8 -> 
  custom:scripting/monoscript/fileName/TransitionArmModelEditor.cs: 6f53e2a966c4ba4985525963dcf7d0ab -> 
  custom:scripting/monoscript/fileName/XRPackageMetadataStore.cs: e06e5e9ffca9529e9db63900dd9caf32 -> 
  custom:scripting/monoscript/fileName/XRPackage.cs: f2edbbf87f9b798abaf2a9f285d155f5 -> 
  custom:scripting/monoscript/fileName/CameraOffsetEditor.cs: 063c409eda0f5d6811c327c4b5c05de0 -> 
  custom:scripting/monoscript/fileName/OpenVREvents.cs: e21717a554d314c47585a5ab5a2b2c84 -> 
  custom:audio-encoder-webm-vorbis: bf7c407c2cedff20999df2af8eb42d56 -> 
  custom:scripting/monoscript/fileName/OpenVRSettings.cs: f6e05471dc77675caeb133a53291cd25 -> 
  custom:scripting/monoscript/fileName/BasePoseProvider.cs: 9a4470e47f250d9ee83dd1e5b0c8d4fb -> 
  custom:scripting/monoscript/fileName/CameraOffset.cs: 48495ef795ef97b0c04851d617a81ec1 -> 
  custom:scripting/monoscript/fileName/OpenVRLoader.cs: d4b2d31310a1ba29dadf4ed72141adf1 -> 
  custom:scripting/monoscript/fileName/AtkTrackme.cs: 9546b6ff3b55b076494b86b0777f20c4 -> 
  custom:scripting/monoscript/fileName/XRLoaderInfoManager.cs: 28efaa63edac30b89ccc35ca2bf149fa -> 
  custom:scripting/monoscript/fileName/Exitdagame.cs: 03a9309563a845e1109cdfb4dfb35df4 -> 
  custom:scripting/monoscript/fileName/OpenVRSettingsEditor.cs: 1e11b364547ce14dd1761c621302d118 -> 
  custom:scripting/monoscript/fileName/XRConfigurationData.cs: 2cf07b13d54bfee2898ed6dc38612fbb -> 
  custom:scripting/monoscript/fileName/SteamVR_Editor.cs: 734d249fd55bef2fa0c6e59517da6b60 -> 
  custom:scripting/monoscript/fileName/openvr_api.cs: 2e32ba05c4ef83e6129ad780a6878ae0 -> fb57cf537b29e9c8ec88ced828266243
  custom:scripting/monoscript/fileName/SteamVR_UpdateModeEditor.cs: a7c02ba6c8c16d61f35010cd4a5a6947 -> 
  custom:scripting/monoscript/fileName/AndroidManifestDocument.cs: 47b2d5387fe80e2b28f68297243f4883 -> 
  custom:scripting/monoscript/fileName/XRPackageInitializationSettings.cs: 2f743437d3b09c9a4a5a33e9be971b1a -> 
  custom:scripting/monoscript/fileName/BeaiSpawner.cs: 7c99c9b634b9f6a43bdbfb8e6616131e -> 
  custom:scripting/precompiled-assembly-types:Assembly-CSharp: efdd8f66adf4834dd29c9f6e2ee35918 -> 
  custom:scripting/monoscript/fileName/XRPackageMetadata.cs: 16731333f575d8bc31df496aced36ebf -> 
  custom:scripting/monoscript/fileName/XRManagerSettings.cs: 39a1227fa3c478af29a735ec246b6baf -> 
  custom:scripting/monoscript/fileName/value.cs: 3cd2e3f653768e5f38124e48a80bbed2 -> 
  custom:scripting/monoscript/fileName/XRLegacyUninstaller.cs: b85851af39f83959c5c298effbf32139 -> 
  custom:scripting/monoscript/fileName/XRCustomLoaderUIManager.cs: 4be5a8f671a1d808dd1496961b79b86b -> 
  custom:scripting/monoscript/fileName/SteamVR_UnitySettingsWindow.cs: 21340287c76930ef6fc95b0308d5d124 -> 
  custom:container-muxer-webm: aa71ff27fc2769a1b78a27578f13a17b -> 
  custom:scripting/precompiled-assembly-types:UnityEditor.XR.LegacyInputHelpers: 52acfc53051faf8d3716fd452f740f78 -> 
  custom:scripting/precompiled-assembly-types:SteamVR: 651c662dc8313566e69f1f093aa3a860 -> c483561cb7f1d0b317bf77e9415993e5
  custom:scripting/monoscript/fileName/firebreath.cs: e17c2c7abbcc348140e269d7ccf4cd79 -> 
========================================================================
Received Import Request.
  Time since last request: 1933.267619 seconds.
  path: Assets/ATKarrow.cs
  artifactKey: Guid(1a83b34d9fb44b7439ce5ce23f5c4b3b) Importer(2089858483,0ecaa5967403d082aa24f35e1b516d23)
Start importing Assets/ATKarrow.cs using Guid(1a83b34d9fb44b7439ce5ce23f5c4b3b) Importer(2089858483,0ecaa5967403d082aa24f35e1b516d23) [PhysX] Initialized MultithreadedTaskDispatcher with 16 workers.
 -> (artifact id: '6b2c286578c92a90b73d7d47d73b11f5') in 0.125972 seconds
Number of updated asset objects reloaded before import = 0
Number of asset objects unloaded after import = 1
========================================================================
Received Import Request.
  Time since last request: 1.081254 seconds.
  path: Assets/AmathDan2/MON-4.blend
  artifactKey: Guid(9f27cf065d848b645b73a39afba8a815) Importer(2089858483,0ecaa5967403d082aa24f35e1b516d23)
Start importing Assets/AmathDan2/MON-4.blend using Guid(9f27cf065d848b645b73a39afba8a815) Importer(2089858483,0ecaa5967403d082aa24f35e1b516d23) [PhysX] Initialized MultithreadedTaskDispatcher with 16 workers.
 -> (artifact id: '4c73aceb933a9a4425254e1ad6769666') in 0.053949 seconds
Number of updated asset objects reloaded before import = 0
Number of asset objects unloaded after import = 1
========================================================================
Received Import Request.
  Time since last request: 2.235855 seconds.
  path: Assets/AmathDan2/MON-4.fbx
  artifactKey: Guid(27b259c1d8620074b8836d9bc69d0e72) Importer(2089858483,0ecaa5967403d082aa24f35e1b516d23)
Start importing Assets/AmathDan2/MON-4.fbx using Guid(27b259c1d8620074b8836d9bc69d0e72) Importer(2089858483,0ecaa5967403d082aa24f35e1b516d23) [PhysX] Initialized MultithreadedTaskDispatcher with 16 workers.
 -> (artifact id: '761b51dec1afc510ece35894d3195216') in 0.106966 seconds
Number of updated asset objects reloaded before import = 0
Number of asset objects unloaded after import = 63
========================================================================
Received Prepare
Caller must complete domain reload
Begin MonoManager ReloadAssembly
- Loaded All Assemblies, in  0.656 seconds
Native extension for WindowsStandalone target not found
Native extension for iOS target not found
[Package Manager] Server::EnsureServerProcessIsRunning -- launch failed, reason: Unity was launched with the -noUpm command-line argument
[Package Manager] UpmClient::Send -- Unable to send message (not connected to UPM process).
[Package Manager] Cannot connect to Unity Package Manager local server
[Package Manager] Server::EnsureServerProcessIsRunning -- launch failed, reason: Unity was launched with the -noUpm command-line argument
[Package Manager] UpmClient::Send -- Unable to send message (not connected to UPM process).
[Package Manager] Cannot connect to Unity Package Manager local server
Mono: successfully reloaded assembly
[Package Manager] Server::EnsureServerProcessIsRunning -- launch failed, reason: Unity was launched with the -noUpm command-line argument
[Package Manager] UpmClient::Send -- Unable to send message (not connected to UPM process).
[Package Manager] Cannot connect to Unity Package Manager local server
- Finished resetting the current domain, in  0.935 seconds
Domain Reload Profiling: 1591ms
	BeginReloadAssembly (381ms)
		ExecutionOrderSort (0ms)
		DisableScriptedObjects (5ms)
		BackupInstance (0ms)
		ReleaseScriptingObjects (0ms)
		CreateAndSetChildDomain (38ms)
	RebuildCommonClasses (38ms)
	RebuildNativeTypeToScriptingClass (11ms)
	initialDomainReloadingComplete (27ms)
	LoadAllAssembliesAndSetupDomain (198ms)
		LoadAssemblies (319ms)
		RebuildTransferFunctionScriptingTraits (0ms)
		AnalyzeDomain (13ms)
			TypeCache.Refresh (6ms)
				TypeCache.ScanAssembly (0ms)
			ScanForSourceGeneratedMonoScriptInfo (0ms)
			ResolveRequiredComponents (5ms)
	FinalizeReload (935ms)
		ReleaseScriptCaches (0ms)
		RebuildScriptCaches (0ms)
		SetupLoadedEditorAssemblies (548ms)
			LogAssemblyErrors (0ms)
			InitializePlatformSupportModulesInManaged (25ms)
			SetLoadedEditorAssemblies (4ms)
			RefreshPlugins (0ms)
			BeforeProcessingInitializeOnLoad (71ms)
			ProcessInitializeOnLoadAttributes (419ms)
			ProcessInitializeOnLoadMethodAttributes (27ms)
			AfterProcessingInitializeOnLoad (2ms)
			EditorAssembliesLoaded (0ms)
		ExecutionOrderSort2 (0ms)
		AwakeInstancesAfterBackupRestoration (10ms)
Refreshing native plugins compatible for Editor in 5.26 ms, found 5 plugins.
Preloading 0 native plugins for Editor in 0.00 ms.
Unloading 1751 Unused Serialized files (Serialized files now loaded: 0)
Unloading 11 unused Assets / (26.4 KB). Loaded Objects now: 2282.
Memory consumption went from 93.2 MB to 93.2 MB.
Total: 4.225700 ms (FindLiveObjects: 0.178500 ms CreateObjectMapping: 0.103400 ms MarkObjects: 3.899700 ms  DeleteObjects: 0.043100 ms)

Prepare: number of updated asset objects reloaded= 0
AssetImportParameters requested are different than current active one (requested -> active):
  custom:scripting/monoscript/fileName/SteamVR_SkyboxEditor.cs: 18c9cdabba25ec9f8c34e59eb23c1bf0 -> 
  custom:video-decoder-webm-vp8: 9c59270c3fd7afecdb556c50c9e8de78 -> 
  custom:scripting/monoscript/fileName/Dan1.cs: dc34d7b16d8a1ae2022dd4fe45361dc2 -> 
  custom:scripting/monoscript/fileName/ArmModelEditor.cs: 002f07458c7aefa2a394e7243ccd9325 -> 
  custom:scripting/monoscript/fileName/SteamVR_Update.cs: c0c713922e0bc365db2133365876d108 -> 
  custom:scripting/monoscript/fileName/noGra.cs: 12341f31bedf998c394201cdbb572353 -> 
  custom:scripting/monoscript/fileName/chnextscene.cs: d3aa46b78db1d99ddb625b88273322e8 -> 
  custom:scripting/monoscript/fileName/enemyhealth.cs: 13f597c9d626e239d1694043eff5c792 -> 
  custom:scripting/monoscript/fileName/SteamVR_AutoEnableVR_2019plus.cs: b88e5fca5c000f1f6cc82c9a8f20b9da -> 
  custom:SearchIndexIgnoredProperties: e643bd26f0fe6173181afceb89e7c659 -> 
  custom:scripting/monoscript/fileName/TransitionArmModel.cs: 541081f84a463fbdbaf51de62d6c8587 -> 
  custom:container-demuxer-ogg: 62fdf1f143b41e24485cea50d1cbac27 -> 
  custom:scripting/monoscript/fileName/XRGeneralSettingsUpgrade.cs: cc8d2e81204b3fd0e662cd38ef4a2d49 -> 
  custom:AudioImporter_EditorPlatform: d09bf68614088b80899f8185d706f6e7 -> 
  custom:scripting/monoscript/fileName/LockandTP.cs: af4972721fa3da5340d891579bdedbd8 -> 
  custom:scripting/monoscript/fileName/OpenVRLoaderMetadata.cs: 78bd717ffc012b44a621cd91e5ec1d6e -> 
  custom:scripting/monoscript/fileName/lockA.cs: 13438ea785ed8fed471470efd1cb5265 -> 
  custom:scripting/monoscript/fileName/Turn2.cs: 1cafc8e13df9391a9cf2c5902c8abd74 -> 
  custom:scripting/monoscript/fileName/TrackedPoseDriverEditor.cs: 0b511e14ae4c20f3b8d8e2c82796f595 -> 
  custom:scripting/monoscript/fileName/stat.cs: 808726bf8e20f80c01d9532f6cb64676 -> 
  custom:scripting/precompiled-assembly-types:Unity.XR.OpenVR.Editor: 476ebeeceb25d404093fea66f67b723c -> 
  custom:scripting/monoscript/fileName/Turn3.cs: 04515d0bd9fef5bbb8a4815a615537c6 -> 
  custom:scripting/monoscript/fileName/Chon.cs: d46ae57d948b2331866072ffd50290a4 -> 
  custom:scripting/monoscript/fileName/EnemyAtk.cs: 6da540a8f2375a0be4a0888760924572 -> 
  custom:scripting/monoscript/fileName/XRCustomLoaderUI.cs: a1b6225426bb5004db8b9d7388fe5771 -> 
  custom:video-codec-MediaFoundation-h265: 746d11721c4dcdbdad8f713fa42b33f4 -> 
  custom:scripting/monoscript/fileName/TrackedPoseDriver.cs: 7c652bf9e4ac4ec3dd58bf53ae85a810 -> 
  custom:scripting/precompiled-assembly-types:Unity.XR.Management.Editor: fe28088511f2b9a408ee32089af33792 -> 
  custom:scripting/monoscript/fileName/back2menu.cs: 8eb84f2355abdf050e9ecea2ef1083e7 -> 
  custom:scripting/monoscript/fileName/XRLoaderHelper.cs: ae85c4c4a11fcc1ed3393963333e400c -> 
  custom:scripting/monoscript/fileName/ATKtrack.cs: 0b87a66d64a4b235b2dad65f9980d9fb -> 
  custom:scripting/monoscript/fileName/AllSkyFree_Menu.cs: d9f9a51507712b65af190e3892febf40 -> 
  custom:scripting/monoscript/fileName/XRLoader.cs: d82cec0b87bab7dffe74fb3651887ce3 -> 
  custom:video-decoder-ogg-theora: a1e56fd34408186e4bbccfd4996cb3dc -> 
  custom:scripting/monoscript/fileName/XRGeneralSettingsPerBuildTarget.cs: 6970e5bff368910038049eb1434facbf -> 
  custom:scripting/monoscript/fileName/XRSupportedBuildTargetAttribute.cs: f87a91ba911f6030453bea8d921b45d2 -> 
  custom:scripting/monoscript/fileName/Myhealth.cs: a9788f6ee22b4fbbca40f3bb7552230b -> 
  custom:scripting/monoscript/fileName/AndroidManifestProcessor.cs: d8dd4961c18e43fcd707eb950405363a -> 
  custom:scripting/precompiled-assembly-types:SteamVR_Editor: b0cd8ae5c458a39ade64b8fadbbfbff6 -> 
  custom:scripting/precompiled-assembly-types:UnityEngine.SpatialTracking: fe8bd671b41f1462276b731bbb32d826 -> 
  custom:scripting/monoscript/fileName/recurTRY.cs: 9693e2472066c9c7fe98aa33615b8c21 -> 
  custom:scripting/monoscript/fileName/nextDAN.cs: c5041a49a46a9f64a3e781c322965e53 -> 
  custom:scripting/monoscript/fileName/XRLoaderInfo.cs: 86fa513bfc04d58509db292069910bf2 -> 
  custom:framework-win-MediaFoundation: 216162199b28c13a410421893ffa2e32 -> 
  custom:scripting/monoscript/fileName/SeedXRInputBindings.cs: 5b6b70752ca7062d0525af0428bab981 -> 
  custom:scripting/precompiled-assembly-types:UnityEditor.SpatialTracking: dd1905b8a8246178a3248fba44980e0b -> 
  custom:scripting/monoscript/fileName/BuildHelpers.cs: 52ee9552b5cbbfe4eb60d480e36ffff5 -> 
  custom:scripting/precompiled-assembly-types:Unity.XR.OpenVR: a43ce72e00763ff3705701ffd52d29b9 -> 
  custom:scripting/monoscript/fileName/XRSettingsManager.cs: 701988ef3c16e84d3bc781477493ab34 -> 
  custom:scripting/monoscript/fileName/feaw.cs: c9d62b36dee5ed9810afe184f46a82f0 -> 
  custom:scripting/monoscript/fileName/turn01.cs: ef126640f9a42c4387e8f2036131129c -> 
  custom:scripting/monoscript/fileName/IXRLoaderPreInit.cs: 4dbca4fbe4a89e2a18943694f414e3a9 -> 
  custom:scripting/monoscript/fileName/OpenVRBuildProcessor.cs: 8de2bfa56eebe73b7b663c41752f4848 -> 
  custom:scripting/monoscript/fileName/XRLoaderOrderUI.cs: 7bb0491ac9109774b097f2da80cd0c03 -> 
  custom:scripting/monoscript/fileName/AndroidManifestBuildEventReceiver.cs: 641c0bff5eb90d0569a809ea302132ee -> 
  custom:scripting/monoscript/fileName/Des.cs: 3ce99a650e4af21c47c148267846ea97 -> 
  custom:scripting/monoscript/fileName/MenuUtils.cs: ef61e56f05605c149332b0b451f694ed -> 
  custom:scripting/monoscript/fileName/Chon1.cs: 14f6a1a63fe54ded05ac7c5d234aff2e -> 
  custom:scripting/monoscript/fileName/OpenVRSettingsCopier.cs: 085a6bb3f7048c30690c20f655297c11 -> 
  custom:video-encoder-webm-vp8: eb34c28f22e8b96e1ab97ce403110664 -> 
  custom:scripting/monoscript/fileName/Turn1.cs: a73fc21b009a2f614b30dfd066ceccae -> 
  custom:scripting/monoscript/fileName/XRGeneralBuildProcessor.cs: d52e14652f14fd6e56a66a859653fea9 -> 
  custom:scripting/monoscript/fileName/lockATK.cs: 9095e0e007224c490dc16ad83e681dcc -> 
  custom:scripting/monoscript/fileName/XRGeneralSettings.cs: 01e68fef49e5cbf622bb7b4ffc622d89 -> 
  custom:scripting/monoscript/fileName/SteamVR_RenderModelEditor.cs: acf9dd329a686d70034e89517471875c -> 
  custom:scripting/monoscript/fileName/XRManagerEditor.cs: 6847a9ea85cd2d801d895b625e9590ff -> 
  custom:audio-decoder-ogg-vorbis: bf7c407c2cedff20999df2af8eb42d56 -> 
  custom:scripting/monoscript/fileName/ATKarrow.cs: 18f5c5e6975c78dce473b4486ab2564e -> 
  custom:scripting/monoscript/fileName/HealthIndicater.cs: 72551df32bfb95d49353bf81aace46cd -> 
  custom:scripting/monoscript/fileName/XRBuildProcessorHelper.cs: 90647cc400823b41df847a6cbfc29026 -> 
  custom:scripting/monoscript/fileName/IAndroidManifestRequirementProvider.cs: 42bf6f4b06629c812bd73f8ff461fec4 -> 
  custom:scripting/monoscript/fileName/TypeLoaderExtensions.cs: ee5d3b5e5d81c98c5d3594e8b9153df0 -> 
  custom:scripting/precompiled-assembly-types:UnityEngine.XR.LegacyInputHelpers: da96c0e3ee4a99cfbe3f49c08ef62202 -> 
  custom:CustomObjectIndexerAttribute: 9a22284fe3817be447336de3de66b15e -> 
  custom:scripting/monoscript/fileName/XRConfigurationProvider.cs: fa91ddd62be7b4c45bfd03890af30249 -> 
  custom:scripting/monoscript/fileName/EditorUtilities.cs: 219d482e32bf0c01357e773617418955 -> 
  custom:scripting/monoscript/fileName/XRPackageInitialization.cs: 1f095dd277a284b59543541a608de1da -> 
  custom:scripting/monoscript/fileName/ManifestElement.cs: c30b57498d373b7476c4d7dfdaee189c -> 
  custom:scripting/monoscript/fileName/KnownPackages.cs: 5131bbb130bb4652742f626552744ac4 -> 
  custom:scripting/monoscript/fileName/XREditorWorkQueue.cs: 8e928039a032f154dc8a86537aaac69a -> 
  custom:scripting/monoscript/fileName/lockbeai.cs: c110aaed4e2fe29327a032773eed71c3 -> 
  custom:scripting/precompiled-assembly-types:Unity.XR.Management: d2c73419a402f326215288c4e1611bce -> 
  custom:scripting/monoscript/fileName/SwingArmModel.cs: b785e28c94fc60fc17e1daa28892b2dc -> 
  custom:scripting/monoscript/fileName/turn02.cs: cd6de636c58dfa19b7480996f17af58d -> 
  custom:scripting/monoscript/fileName/ManifestRequirement.cs: d0237042ed94ccc3267a409cde8490a6 -> 
  custom:scripting/monoscript/fileName/ArmModel.cs: 453296f093348abde426c4384ad89b48 -> 
  custom:scripting/monoscript/fileName/OpenVRHelpers.cs: 6d9bda50f1d04121c1c9f99735530e6b -> 
  custom:container-demuxer-webm: 4f35f7cbe854078d1ac9338744f61a02 -> 
  custom:scripting/monoscript/fileName/XRConstants.cs: 1558884a4b0ea94b4910dd640a0e6741 -> 
  custom:scripting/monoscript/fileName/SwingArmModelEditor.cs: b9619a265ade6da0cba147c75ce515a7 -> 
  custom:scripting/monoscript/fileName/PackageNotificationUtils.cs: e493f521fc1755dec19875ae28a4f621 -> 
  custom:scripting/monoscript/fileName/removemehealth.cs: de338d46f5cee106932c87f350304993 -> 
  custom:scripting/monoscript/fileName/Turn03.cs: 0cbd4cdddb554dd528dc4ce8d11022b5 -> 
  custom:scripting/monoscript/fileName/XRManagementAnalytics.cs: 546181baf4c03dbbd57015a6731508f8 -> 
  custom:scripting/monoscript/fileName/TransitionArmModelEditor.cs: 6f53e2a966c4ba4985525963dcf7d0ab -> 
  custom:scripting/monoscript/fileName/XRPackageMetadataStore.cs: e06e5e9ffca9529e9db63900dd9caf32 -> 
  custom:scripting/monoscript/fileName/XRPackage.cs: f2edbbf87f9b798abaf2a9f285d155f5 -> 
  custom:scripting/monoscript/fileName/CameraOffsetEditor.cs: 063c409eda0f5d6811c327c4b5c05de0 -> 
  custom:scripting/monoscript/fileName/OpenVREvents.cs: e21717a554d314c47585a5ab5a2b2c84 -> 
  custom:audio-encoder-webm-vorbis: bf7c407c2cedff20999df2af8eb42d56 -> 
  custom:scripting/monoscript/fileName/OpenVRSettings.cs: f6e05471dc77675caeb133a53291cd25 -> 
  custom:scripting/monoscript/fileName/BasePoseProvider.cs: 9a4470e47f250d9ee83dd1e5b0c8d4fb -> 
  custom:scripting/monoscript/fileName/CameraOffset.cs: 48495ef795ef97b0c04851d617a81ec1 -> 
  custom:scripting/monoscript/fileName/OpenVRLoader.cs: d4b2d31310a1ba29dadf4ed72141adf1 -> 
  custom:scripting/monoscript/fileName/AtkTrackme.cs: 9546b6ff3b55b076494b86b0777f20c4 -> 
  custom:scripting/monoscript/fileName/XRLoaderInfoManager.cs: 28efaa63edac30b89ccc35ca2bf149fa -> 
  custom:scripting/monoscript/fileName/Exitdagame.cs: 03a9309563a845e1109cdfb4dfb35df4 -> 
  custom:scripting/monoscript/fileName/OpenVRSettingsEditor.cs: 1e11b364547ce14dd1761c621302d118 -> 
  custom:scripting/monoscript/fileName/XRConfigurationData.cs: 2cf07b13d54bfee2898ed6dc38612fbb -> 
  custom:scripting/monoscript/fileName/SteamVR_Editor.cs: 734d249fd55bef2fa0c6e59517da6b60 -> 
  custom:scripting/monoscript/fileName/openvr_api.cs: 2e32ba05c4ef83e6129ad780a6878ae0 -> fb57cf537b29e9c8ec88ced828266243
  custom:scripting/monoscript/fileName/SteamVR_UpdateModeEditor.cs: a7c02ba6c8c16d61f35010cd4a5a6947 -> 
  custom:scripting/monoscript/fileName/AndroidManifestDocument.cs: 47b2d5387fe80e2b28f68297243f4883 -> 
  custom:scripting/monoscript/fileName/XRPackageInitializationSettings.cs: 2f743437d3b09c9a4a5a33e9be971b1a -> 
  custom:scripting/monoscript/fileName/BeaiSpawner.cs: 7c99c9b634b9f6a43bdbfb8e6616131e -> 
  custom:scripting/precompiled-assembly-types:Assembly-CSharp: efdd8f66adf4834dd29c9f6e2ee35918 -> 
  custom:scripting/monoscript/fileName/XRPackageMetadata.cs: 16731333f575d8bc31df496aced36ebf -> 
  custom:scripting/monoscript/fileName/XRManagerSettings.cs: 39a1227fa3c478af29a735ec246b6baf -> 
  custom:scripting/monoscript/fileName/value.cs: 3cd2e3f653768e5f38124e48a80bbed2 -> 
  custom:scripting/monoscript/fileName/XRLegacyUninstaller.cs: b85851af39f83959c5c298effbf32139 -> 
  custom:scripting/monoscript/fileName/XRCustomLoaderUIManager.cs: 4be5a8f671a1d808dd1496961b79b86b -> 
  custom:scripting/monoscript/fileName/SteamVR_UnitySettingsWindow.cs: 21340287c76930ef6fc95b0308d5d124 -> 
  custom:container-muxer-webm: aa71ff27fc2769a1b78a27578f13a17b -> 
  custom:scripting/precompiled-assembly-types:UnityEditor.XR.LegacyInputHelpers: 52acfc53051faf8d3716fd452f740f78 -> 
  custom:scripting/precompiled-assembly-types:SteamVR: 651c662dc8313566e69f1f093aa3a860 -> c483561cb7f1d0b317bf77e9415993e5
  custom:scripting/monoscript/fileName/firebreath.cs: e17c2c7abbcc348140e269d7ccf4cd79 -> 
Editor requested this worker to shutdown with reason: Scaling down because of idle timeout
TcpMessagingSession - receive error: operation aborted. errorcode: 995, details: The I/O operation has been aborted because of either a thread exit or an application request.
AssetImportWorker is now disconnected from the server
Process exiting
Exiting without the bug reporter. Application will terminate with return code 0